<?xml version="1.0" encoding="UTF-8"?>
<testsuite xmlns:xsi="http://www.w3.org/2001/XMLSchema-instance" xsi:noNamespaceSchemaLocation="https://maven.apache.org/surefire/maven-surefire-plugin/xsd/surefire-test-report-3.0.xsd" version="3.0" name="com.example.booking.AuthFlowTests" time="8.248" tests="3" errors="0" skipped="0" failures="0">
  <properties>
[...]
</properties>
  <testcase name="loginWithInvalidCredentials_returns401" classname="com.example.booking.AuthFlowTests" time="0.848">
    <system-out><![CDATA[13:36:53.582 [main] INFO org.springframework.test.context.support.AnnotationConfigContextLoaderUtils -- Could not detect default configuration classes for test class [com.example.booking.AuthFlowTests]: AuthFlowTests does not declare any static, non-private, non-final, nested classes annotated with @Configuration.
13:36:53.721 [main] INFO org.springframework.boot.test.context.SpringBootTestContextBootstrapper -- Found @SpringBootConfiguration com.example.booking.BookingApplication for test class com.example.booking.AuthFlowTests

  .   ____          _            __ _ _
 /\\ / ___'_ __ _ _(_)_ __  __ _ \ \ \ \
( ( )\___ | '_ | '_| | '_ \/ _` | \ \ \ \
 \\/  ___)| |_)| | | | | || (_| |  ) ) ) )
  '  |____| .__|_| |_|_| |_\__, | / / / /
 =========|_|==============|___/=/_/_/_/

 :: Spring Boot ::                (v3.3.4)

2026-08-28T13:36:54.274+05:30  INFO 9096 --- [           main] com.example.booking.AuthFlowTests        : Starting AuthFlowTests using Java 21.0.12 with PID 9096 (started by harih in C:\Projects\backend-developer-as-final-70032-hariharan)
2026-08-28T13:36:54.276+05:30  INFO 9096 --- [           main] com.example.booking.AuthFlowTests        : No active profile set, falling back to 1 default profile: "default"
2026-08-28T13:36:55.549+05:30  INFO 9096 --- [           main] .s.d.r.c.RepositoryConfigurationDelegate : Bootstrapping Spring Data JPA repositories in DEFAULT mode.
2026-08-28T13:36:55.612+05:30  INFO 9096 --- [           main] .s.d.r.c.RepositoryConfigurationDelegate : Finished Spring Data repository scanning in 53 ms. Found 3 JPA repository interfaces.
2026-08-28T13:36:56.361+05:30  INFO 9096 --- [           main] o.hibernate.jpa.internal.util.LogHelper  : HHH000204: Processing PersistenceUnitInfo [name: default]
2026-08-28T13:36:56.463+05:30  INFO 9096 --- [           main] org.hibernate.Version                    : HHH000412: Hibernate ORM core version 6.5.3.Final
2026-08-28T13:36:56.501+05:30  INFO 9096 --- [           main] o.h.c.internal.RegionFactoryInitiator    : HHH000026: Second-level cache disabled
2026-08-28T13:36:56.933+05:30  INFO 9096 --- [           main] o.s.o.j.p.SpringPersistenceUnitInfo      : No LoadTimeWeaver setup: ignoring JPA class transformer
2026-08-28T13:36:56.964+05:30  INFO 9096 --- [           main] com.zaxxer.hikari.HikariDataSource       : HikariPool-1 - Starting...
2026-08-28T13:36:57.157+05:30  INFO 9096 --- [           main] com.zaxxer.hikari.pool.HikariPool        : HikariPool-1 - Added connection conn0: url=jdbc:h2:mem:booking_test user=SA
2026-08-28T13:36:57.158+05:30  INFO 9096 --- [           main] com.zaxxer.hikari.HikariDataSource       : HikariPool-1 - Start completed.
2026-08-28T13:36:57.188+05:30  WARN 9096 --- [           main] org.hibernate.orm.deprecation            : HHH90000025: H2Dialect does not need to be specified explicitly using 'hibernate.dialect' (remove the property setting and it will be selected by default)
2026-08-28T13:36:58.177+05:30  INFO 9096 --- [           main] o.h.e.t.j.p.i.JtaPlatformInitiator       : HHH000489: No JTA platform available (set 'hibernate.transaction.jta.platform' to enable JTA platform integration)
2026-08-28T13:36:58.224+05:30  INFO 9096 --- [           main] j.LocalContainerEntityManagerFactoryBean : Initialized JPA EntityManagerFactory for persistence unit 'default'
2026-08-28T13:36:58.703+05:30  INFO 9096 --- [           main] eAuthenticationProviderManagerConfigurer : Global AuthenticationManager configured with AuthenticationProvider bean with name authenticationProvider
2026-08-28T13:36:58.705+05:30  WARN 9096 --- [           main] r$InitializeUserDetailsManagerConfigurer : Global AuthenticationManager configured with an AuthenticationProvider bean. UserDetailsService beans will not be used for username/password login. Consider removing the AuthenticationProvider bean. Alternatively, consider using the UserDetailsService in a manually instantiated DaoAuthenticationProvider.
2026-08-28T13:36:58.950+05:30  WARN 9096 --- [           main] JpaBaseConfiguration$JpaWebConfiguration : spring.jpa.open-in-view is enabled by default. Therefore, database queries may be performed during view rendering. Explicitly configure spring.jpa.open-in-view to disable this warning
2026-08-28T13:36:59.808+05:30  INFO 9096 --- [           main] o.s.b.t.m.w.SpringBootMockServletContext : Initializing Spring TestDispatcherServlet ''
2026-08-28T13:36:59.808+05:30  INFO 9096 --- [           main] o.s.t.web.servlet.TestDispatcherServlet  : Initializing Servlet ''
2026-08-28T13:36:59.809+05:30  INFO 9096 --- [           main] o.s.t.web.servlet.TestDispatcherServlet  : Completed initialization in 1 ms
2026-08-28T13:36:59.831+05:30  INFO 9096 --- [           main] com.example.booking.AuthFlowTests        : Started AuthFlowTests in 5.897 seconds (process running for 7.222)
2026-08-28T13:37:00.175+05:30  INFO 9096 --- [           main] c.e.booking.config.DataInitializer       : Seeded ADMIN user 'admin'
2026-08-28T13:37:00.256+05:30  INFO 9096 --- [           main] c.e.booking.config.DataInitializer       : Seeded USER user 'user'
2026-08-28T13:37:00.333+05:30  INFO 9096 --- [           main] c.e.booking.config.DataInitializer       : Seeded USER user 'alice'
2026-08-28T13:37:00.574+05:30  INFO 9096 --- [           main] c.e.booking.config.DataInitializer       : Seeded 3 sample resources
]]></system-out>
    <system-err><![CDATA[WARNING: A Java agent has been loaded dynamically (C:\Users\harih\.m2\repository\net\bytebuddy\byte-buddy-agent\1.14.19\byte-buddy-agent-1.14.19.jar)
WARNING: If a serviceability tool is in use, please run with -XX:+EnableDynamicAgentLoading to hide this warning
WARNING: If a serviceability tool is not in use, please run with -Djdk.instrument.traceUsage for more information
WARNING: Dynamic loading of agents will be disallowed by default in a future release
]]></system-err>
  </testcase>
  <testcase name="unauthenticatedRequestToProtectedEndpoint_returns401" classname="com.example.booking.AuthFlowTests" time="0.013"/>
  <testcase name="loginWithValidCredentials_returnsJwt" classname="com.example.booking.AuthFlowTests" time="0.171"/>
</testsuite>